texnet2020fcar 31.869740 -103.788050 6.3230 2.67
texnet2020gcua 31.766340 -104.104520 10.2300 3.40
texnet2020mpfu 32.777730 -103.480510 6.1679 3.29
texnet2020mphs 32.855080 -103.463750 9.9917 2.66
texnet2020mpkc 32.748370 -103.470730 6.8678 3.10
texnet2020mpng 32.781900 -103.477070 6.0164 3.18
texnet2020mprj 32.786340 -103.494850 10.0150 2.82
texnet2020mprn 32.752380 -103.474980 6.0264 3.04
texnet2020mptw 32.746570 -103.461690 6.0284 2.64
texnet2020mpvf 32.751510 -103.455850 6.0267 2.77
texnet2020mpvn 32.777450 -103.469280 5.0679 2.91
texnet2020mpxg 32.791900 -103.476360 14.5656 3.03
texnet2020mqcy 32.757520 -103.454010 1.0572 2.55
texnet2020mqja 32.749550 -103.473360 6.0274 3.17
texnet2020mrnq 32.748070 -103.465320 6.4654 3.13
texnet2020mrqn 32.781130 -103.488570 6.0167 2.96
texnet2020mrrq 32.745570 -103.473900 6.0287 2.65
texnet2020mrxo 32.745190 -103.469630 7.6439 2.59
texnet2020msax 32.809970 -103.501800 6.0069 3.37
texnet2020mskb 32.786090 -103.478720 10.0150 2.99
texnet2020mswm 32.656340 -103.564640 1.2489 2.68
texnet2020nsqm 32.023940 -103.758520 11.5590 2.69
texnet2020vzre 31.889420 -103.466640 11.9665 2.75
texnet2020zdch 32.208480 -104.512030 6.2097 2.90
texnet2021abbd 32.336830 -103.420990 2.5716 3.41
texnet2021bhcx 32.052310 -103.659930 6.6445 3.25
texnet2021bldp 32.477230 -103.596740 6.9719 2.61
texnet2021btgh 32.127800 -103.318990 10.3443 2.58
texnet2021fkxd 32.032370 -103.771590 10.4312 3.49
texnet2021flub 32.082860 -103.769620 10.6393 2.67
texnet2021jfgn 31.966070 -104.028260 7.9758 2.52
texnet2021mwmo 32.227820 -104.170520 6.2032 2.84
texnet2021nmos 32.540200 -104.636440 6.0981 2.54
texnet2021oalr 32.060940 -103.724210 9.7241 4.11
texnet2021orvv 32.057080 -103.717170 11.0754 2.73
texnet2021owjx 32.057110 -103.713290 6.2604 2.57
texnet2021pybg 32.058690 -103.717060 8.9574 3.15
texnet2021rcnt 32.218160 -103.123920 4.2064 2.54
texnet2021rdiq 32.196970 -103.122760 4.2136 2.69
texnet2021rrso 31.963470 -103.415010 10.1567 2.79
texnet2021smaz 32.205670 -103.113100 4.2106 2.62
texnet2021smvw 32.058250 -103.719310 9.5375 3.33
texnet2021ucia 32.203550 -103.112500 4.2113 2.53
texnet2021uefp 31.985270 -103.873080 9.0069 3.39
texnet2021wfsq 32.400020 -103.583780 5.8654 3.50
texnet2021wwqa 32.656340 -104.438260 6.0589 2.56
texnet2021xmxs 31.990760 -103.868070 9.5376 3.07
texnet2021xvro 31.972430 -103.544160 7.7387 2.63
texnet2021ylom 32.441760 -103.465590 8.6913 3.02
texnet2021zmyq 31.983010 -103.866360 9.7652 3.63
texnet2022ekax 31.998910 -103.828700 9.9024 2.60
texnet2022fwec 32.470300 -104.443180 6.1217 2.89
texnet2022fxnn 32.172580 -104.133420 12.7193 2.78
texnet2022hvvl 31.999870 -103.823550 10.2796 2.72
texnet2022ifkb 31.804700 -103.749340 6.3447 2.55
texnet2022iwrz 31.993560 -103.819030 10.2892 2.75
texnet2022jkeu 31.999750 -103.818240 10.0121 2.93
texnet2022jkvk 32.655930 -104.434980 6.0591 3.43
texnet2022jxrp 32.002460 -103.815760 9.1812 2.53
texnet2022khfw 31.975380 -103.792670 9.5427 3.36
texnet2022kosd 32.296300 -103.382160 6.1752 3.05
texnet2022kqvu 32.068780 -103.798390 8.3540 2.79
texnet2022lnvv 31.997340 -103.825120 10.2104 2.92
texnet2022mcsw 32.305440 -104.625450 6.1772 3.16
texnet2022ouza 32.007240 -103.828610 10.2696 3.14
texnet2022phoe 31.996130 -103.814030 9.7258 2.75
texnet2022pjyb 31.967990 -104.027550 8.8577 2.69
texnet2022pqse 31.973970 -103.690240 7.4257 2.63
texnet2022qssv 31.998700 -103.823230 10.2800 2.55
texnet2022rgjv 32.208540 -103.411870 6.2097 3.02
texnet2022rlvk 32.812940 -104.545230 6.0059 2.59
texnet2022rpqp 32.249080 -104.635330 6.1961 2.67
texnet2022rqzk 32.016830 -103.270850 10.2189 2.65
texnet2022rrkl 32.241870 -104.626690 6.1985 2.54
texnet2022rynm 31.948180 -103.415230 10.7043 2.94
texnet2022slih 32.231610 -103.872590 4.4519 2.90
texnet2022snzq 31.958310 -103.408970 10.2935 2.56
texnet2022szcq 31.903030 -103.921280 9.7694 2.94
texnet2022tgbj 32.142940 -103.728720 4.2317 3.06
texnet2022tkqy 32.106660 -104.436520 9.8863 2.70
texnet2022udqr 32.002200 -103.825390 8.8888 3.54
texnet2022ugkl 31.999070 -103.829210 9.8923 3.41
texnet2022uhek 32.819270 -103.823550 9.0038 3.60
texnet2022vihd 32.004090 -103.831210 7.8581 2.69
texnet2022zhzl 32.202790 -103.109090 10.2116 3.62
texnet2023bbdb 32.006720 -103.817920 7.6873 3.40
texnet2023bnec 32.211720 -103.108930 7.6336 2.64
texnet2023czet 32.278280 -103.379510 10.1863 2.70
texnet2023czst 31.991260 -103.875980 8.7899 2.63
texnet2023dkjq 32.243490 -104.471920 4.2904 2.59
texnet2023eccq 32.000390 -103.819150 9.4444 2.98
texnet2023ervv 32.339820 -104.405910 6.1656 2.75
texnet2023exql 32.247860 -104.473330 5.1965 2.80
texnet2023ffje 32.002540 -103.812160 7.2787 2.71
texnet2023fngl 32.341780 -104.477390 6.1649 2.69
texnet2023fzlo 32.008870 -103.810840 7.6865 3.42
texnet2023hcyj 32.010520 -103.819680 8.0610 2.56
texnet2023hmjt 31.933300 -103.488760 13.5043 2.63
texnet2023houj 32.238420 -104.538710 6.1997 2.81
texnet2023hpbl 32.364310 -104.474530 6.1574 3.64
texnet2023hpex 32.354360 -104.474170 6.1607 2.54
texnet2023hpse 32.557330 -103.623910 12.3374 2.86
texnet2023hzby 32.357700 -104.474820 6.1596 2.98
texnet2023iaqe 32.293300 -104.613220 6.1812 2.59
texnet2023ibge 32.293850 -104.614600 6.1810 2.67
texnet2023ifie 31.958850 -103.478740 4.2932 2.53
texnet2023irip 32.217970 -103.103870 6.2065 2.71
texnet2023jcwf 31.940970 -103.579230 10.4292 2.62
texnet2023kyxu 32.500230 -104.455740 6.1116 3.43
texnet2023lpcd 31.949430 -103.381480 6.2964 2.82
texnet2023lrgl 31.961110 -103.400370 5.5425 2.67
texnet2023omie 32.283800 -103.309950 9.1844 3.46
texnet2023oozl 32.484780 -103.596250 4.6243 2.54
texnet2023owfu 32.256910 -104.121540 6.1934 2.94
texnet2023pofz 32.290940 -104.602690 6.1820 2.85
texnet2023pxns 31.985860 -103.885690 8.5717 2.71
texnet2023qese 32.240220 -104.501850 6.1990 2.70
texnet2023qzfj 32.003100 -103.832350 8.6635 2.94
texnet2023rcof 32.461490 -104.779170 6.1247 2.85
texnet2023rfea 32.000920 -103.828990 8.9642 2.57
texnet2023rfjb 32.004400 -103.840930 8.6455 2.84
texnet2023rzle 32.042500 -103.710000 9.7303 2.57
texnet2023tqgc 32.342570 -104.149360 6.1647 2.59
texnet2023tvjw 32.353760 -104.483730 6.1609 2.96
texnet2023twdx 32.331210 -104.484590 6.1685 2.92
texnet2023ukqw 32.142870 -104.489890 4.2317 2.96
texnet2023vrts 32.484980 -104.643200 5.1167 2.62
texnet2023wbkp 32.242200 -104.473520 5.1984 2.62
texnet2023wcts 32.286370 -104.462340 14.9661 2.78
texnet2023wekh 32.243900 -104.478710 5.1978 2.67
texnet2023wklj 32.532010 -103.136180 7.6659 2.81
texnet2023xtfd 32.312150 -104.687070 6.1749 2.86
texnet2023ybjj 32.321420 -104.687970 6.1718 3.12
